<?xml version="1.0" encoding="UTF-8"?>
<!-- Generated by org.testng.reporters.JUnitXMLReporter -->
<testsuite hostname="C02VF4UBG8WN" ignored="0" name="Test Cases" tests="5" failures="0" timestamp="22 Sep 2020 15:16:43 GMT" time="0.096" errors="0">
  <testcase name="@BeforeClass setUp" time="0.073" classname="com.zomato.qa.TestCase.LandingPageTest">
    <failure type="java.lang.IllegalStateException" message="The driver executable does not exist: /Users/abhinavchauhan/Documents/repo/tm-testing-food-app/chromedriver">
      <![CDATA[java.lang.IllegalStateException: The driver executable does not exist: /Users/abhinavchauhan/Documents/repo/tm-testing-food-app/chromedriver
	at com.google.common.base.Preconditions.checkState(Preconditions.java:585)
	at org.openqa.selenium.remote.service.DriverService.checkExecutable(DriverService.java:137)
	at org.openqa.selenium.remote.service.DriverService.findExecutable(DriverService.java:132)
	at org.openqa.selenium.chrome.ChromeDriverService.access$000(ChromeDriverService.java:35)
	at org.openqa.selenium.chrome.ChromeDriverService$Builder.findDefaultExecutable(ChromeDriverService.java:156)
	at org.openqa.selenium.remote.service.DriverService$Builder.build(DriverService.java:346)
	at org.openqa.selenium.chrome.ChromeDriverService.createDefaultService(ChromeDriverService.java:91)
	at org.openqa.selenium.chrome.ChromeDriver.<init>(ChromeDriver.java:123)
	at com.zomato.qa.base.TestBase.initialization(TestBase.java:44)
	at com.zomato.qa.TestCase.LandingPageTest.setUp(LandingPageTest.java:19)
... Removed 28 stack frames]]>
    </failure>
  </testcase> <!-- @BeforeClass setUp -->
  <testcase name="@AfterClass tearDown" time="0.0" classname="com.zomato.qa.TestCase.LandingPageTest">
    <skipped/>
  </testcase> <!-- @AfterClass tearDown -->
  <testcase name="landingPageTitleTest" time="0.0" classname="com.zomato.qa.TestCase.LandingPageTest">
    <skipped/>
  </testcase> <!-- landingPageTitleTest -->
  <testcase name="searchBoxTest" time="0.0" classname="com.zomato.qa.TestCase.LandingPageTest">
    <skipped/>
  </testcase> <!-- searchBoxTest -->
  <testcase name="searchTextTestAndVerifySame" time="0.0" classname="com.zomato.qa.TestCase.LandingPageTest">
    <skipped/>
  </testcase> <!-- searchTextTestAndVerifySame -->
  <testcase name="clickKFCandVerifyPage" time="0.0" classname="com.zomato.qa.TestCase.LandingPageTest">
    <skipped/>
  </testcase> <!-- clickKFCandVerifyPage -->
  <testcase name="verifyZomatoLogo" time="0.0" classname="com.zomato.qa.TestCase.LandingPageTest">
    <skipped/>
  </testcase> <!-- verifyZomatoLogo -->
</testsuite> <!-- Test Cases -->
