<?xml version="1.0" encoding="UTF-8"?>
<!-- Generated by org.testng.reporters.JUnitReportReporter -->
<testsuite skipped="5" hostname="C02VF4UBG8WN" name="com.zomato.qa.TestCase.LandingPageTest" tests="6" failures="0" timestamp="22 Sep 2020 15:16:43 GMT" time="0.073" errors="1">
  <testcase name="setUp" time="0.073" classname="com.zomato.qa.TestCase.LandingPageTest">
    <error type="java.lang.IllegalStateException" message="The driver executable does not exist: /Users/abhinavchauhan/Documents/repo/tm-testing-food-app/chromedriver">
      <![CDATA[java.lang.IllegalStateException: The driver executable does not exist: /Users/abhinavchauhan/Documents/repo/tm-testing-food-app/chromedriver
	at com.google.common.base.Preconditions.checkState(Preconditions.java:585)
	at org.openqa.selenium.remote.service.DriverService.checkExecutable(DriverService.java:137)
	at org.openqa.selenium.remote.service.DriverService.findExecutable(DriverService.java:132)
	at org.openqa.selenium.chrome.ChromeDriverService.access$000(ChromeDriverService.java:35)
	at org.openqa.selenium.chrome.ChromeDriverService$Builder.findDefaultExecutable(ChromeDriverService.java:156)
	at org.openqa.selenium.remote.service.DriverService$Builder.build(DriverService.java:346)
	at org.openqa.selenium.chrome.ChromeDriverService.createDefaultService(ChromeDriverService.java:91)
	at org.openqa.selenium.chrome.ChromeDriver.<init>(ChromeDriver.java:123)
	at com.zomato.qa.base.TestBase.initialization(TestBase.java:44)
	at com.zomato.qa.TestCase.LandingPageTest.setUp(LandingPageTest.java:19)
	at sun.reflect.NativeMethodAccessorImpl.invoke0(Native Method)
	at sun.reflect.NativeMethodAccessorImpl.invoke(NativeMethodAccessorImpl.java:62)
	at sun.reflect.DelegatingMethodAccessorImpl.invoke(DelegatingMethodAccessorImpl.java:43)
	at java.lang.reflect.Method.invoke(Method.java:498)
	at org.testng.internal.MethodInvocationHelper.invokeMethod(MethodInvocationHelper.java:108)
	at org.testng.internal.Invoker.invokeConfigurationMethod(Invoker.java:523)
	at org.testng.internal.Invoker.invokeConfigurations(Invoker.java:224)
	at org.testng.internal.Invoker.invokeConfigurations(Invoker.java:146)
	at org.testng.internal.TestMethodWorker.invokeBeforeClassMethods(TestMethodWorker.java:166)
	at org.testng.internal.TestMethodWorker.run(TestMethodWorker.java:105)
	at org.testng.TestRunner.privateRun(TestRunner.java:744)
	at org.testng.TestRunner.run(TestRunner.java:602)
	at org.testng.SuiteRunner.runTest(SuiteRunner.java:380)
	at org.testng.SuiteRunner.runSequentially(SuiteRunner.java:375)
	at org.testng.SuiteRunner.privateRun(SuiteRunner.java:340)
	at org.testng.SuiteRunner.run(SuiteRunner.java:289)
	at org.testng.SuiteRunnerWorker.runSuite(SuiteRunnerWorker.java:52)
	at org.testng.SuiteRunnerWorker.run(SuiteRunnerWorker.java:86)
	at org.testng.TestNG.runSuitesSequentially(TestNG.java:1301)
	at org.testng.TestNG.runSuitesLocally(TestNG.java:1226)
	at org.testng.TestNG.runSuites(TestNG.java:1144)
	at org.testng.TestNG.run(TestNG.java:1115)
	at org.apache.maven.surefire.testng.TestNGExecutor.run(TestNGExecutor.java:281)
	at org.apache.maven.surefire.testng.TestNGXmlTestSuite.execute(TestNGXmlTestSuite.java:75)
	at org.apache.maven.surefire.testng.TestNGProvider.invoke(TestNGProvider.java:121)
	at org.apache.maven.surefire.booter.ForkedBooter.invokeProviderInSameClassLoader(ForkedBooter.java:290)
	at org.apache.maven.surefire.booter.ForkedBooter.runSuitesInProcess(ForkedBooter.java:242)
	at org.apache.maven.surefire.booter.ForkedBooter.main(ForkedBooter.java:121)
]]>
    </error>
  </testcase> <!-- setUp -->
  <testcase name="landingPageTitleTest" time="0.000" classname="com.zomato.qa.TestCase.LandingPageTest">
    <skipped/>
  </testcase> <!-- landingPageTitleTest -->
  <testcase name="searchBoxTest" time="0.000" classname="com.zomato.qa.TestCase.LandingPageTest">
    <skipped/>
  </testcase> <!-- searchBoxTest -->
  <testcase name="searchTextTestAndVerifySame" time="0.000" classname="com.zomato.qa.TestCase.LandingPageTest">
    <skipped/>
  </testcase> <!-- searchTextTestAndVerifySame -->
  <testcase name="clickKFCandVerifyPage" time="0.000" classname="com.zomato.qa.TestCase.LandingPageTest">
    <skipped/>
  </testcase> <!-- clickKFCandVerifyPage -->
  <testcase name="verifyZomatoLogo" time="0.000" classname="com.zomato.qa.TestCase.LandingPageTest">
    <skipped/>
  </testcase> <!-- verifyZomatoLogo -->
</testsuite> <!-- com.zomato.qa.TestCase.LandingPageTest -->
